2023-05-26 17:41:56,015 INFO o.a.j.u.JMeterUtils: Setting Locale to en_EN
2023-05-26 17:41:56,160 INFO o.a.j.JMeter: Loading user properties from: /usr/local/Cellar/jmeter/5.5/libexec/bin/user.properties
2023-05-26 17:41:56,163 INFO o.a.j.JMeter: Loading system properties from: /usr/local/Cellar/jmeter/5.5/libexec/bin/system.properties
2023-05-26 17:41:56,199 INFO o.a.j.JMeter: Copyright (c) 1998-2022 The Apache Software Foundation
2023-05-26 17:41:56,200 INFO o.a.j.JMeter: Version 5.5
2023-05-26 17:41:56,201 INFO o.a.j.JMeter: java.version=17.0.7
2023-05-26 17:41:56,201 INFO o.a.j.JMeter: java.vm.name=OpenJDK 64-Bit Server VM
2023-05-26 17:41:56,202 INFO o.a.j.JMeter: os.name=Mac OS X
2023-05-26 17:41:56,203 INFO o.a.j.JMeter: os.arch=x86_64
2023-05-26 17:41:56,203 INFO o.a.j.JMeter: os.version=11.7.1
2023-05-26 17:41:56,204 INFO o.a.j.JMeter: file.encoding=UTF-8
2023-05-26 17:41:56,205 INFO o.a.j.JMeter: java.awt.headless=null
2023-05-26 17:41:56,205 INFO o.a.j.JMeter: Max memory     =1073741824
2023-05-26 17:41:56,205 INFO o.a.j.JMeter: Available Processors =4
2023-05-26 17:41:56,255 INFO o.a.j.JMeter: Default Locale=English (EN)
2023-05-26 17:41:56,256 INFO o.a.j.JMeter: JMeter  Locale=English (EN)
2023-05-26 17:41:56,257 INFO o.a.j.JMeter: JMeterHome=/usr/local/Cellar/jmeter/5.5/libexec
2023-05-26 17:41:56,257 INFO o.a.j.JMeter: user.dir  =/Users/andreamagana/Desktop/performanceportfolio
2023-05-26 17:41:56,258 INFO o.a.j.JMeter: PWD       =/Users/andreamagana/Desktop/performanceportfolio
2023-05-26 17:41:56,270 INFO o.a.j.JMeter: IP: 192.168.1.202 Name: Air-de-Andrea FullName: air-de-andrea
2023-05-26 17:41:56,320 INFO o.a.j.JMeter: Loaded icon properties from org/apache/jmeter/images/icon.properties
2023-05-26 17:41:59,246 INFO o.a.j.JMeterGuiLauncher: Setting LAF to: com.github.weisj.darklaf.DarkLaf:com.github.weisj.darklaf.theme.DarculaTheme
2023-05-26 17:42:22,322 INFO o.j.r.JARSourceHTTP: Requesting https://jmeter-plugins.org/repo/?installID=mac_os_x-b841a0c7f8c76116d53c124c159c2f72-gui
2023-05-26 17:42:30,967 INFO o.j.r.PluginManager: Plugins Status: [jpgc-plugins-manager=1.7, jmeter-core=5.5, jmeter-ftp=5.5, jmeter-http=5.5, jmeter-jdbc=5.5, jmeter-jms=5.5, jmeter-junit=5.5, jmeter-java=5.5, jmeter-ldap=5.5, jmeter-mail=5.5, jmeter-mongodb=5.5, jmeter-native=5.5, jmeter-tcp=5.5, jmeter-components=5.5]
2023-05-26 17:42:30,975 INFO o.j.r.PluginManagerMenuItem: Plugins Manager has upgrades: [jpgc-plugins-manager]
2023-05-26 17:44:25,228 INFO o.a.j.p.h.s.HTTPSamplerBase: Parser for text/html is org.apache.jmeter.protocol.http.parser.LagartoBasedHtmlParser
2023-05-26 17:44:25,230 INFO o.a.j.p.h.s.HTTPSamplerBase: Parser for application/xhtml+xml is org.apache.jmeter.protocol.http.parser.LagartoBasedHtmlParser
2023-05-26 17:44:25,231 INFO o.a.j.p.h.s.HTTPSamplerBase: Parser for application/xml is org.apache.jmeter.protocol.http.parser.LagartoBasedHtmlParser
2023-05-26 17:44:25,231 INFO o.a.j.p.h.s.HTTPSamplerBase: Parser for text/xml is org.apache.jmeter.protocol.http.parser.LagartoBasedHtmlParser
2023-05-26 17:44:25,231 INFO o.a.j.p.h.s.HTTPSamplerBase: Parser for text/vnd.wap.wml is org.apache.jmeter.protocol.http.parser.RegexpHTMLParser
2023-05-26 17:44:25,232 INFO o.a.j.p.h.s.HTTPSamplerBase: Parser for text/css is org.apache.jmeter.protocol.http.parser.CssParser
2023-05-26 17:46:34,530 INFO o.a.j.s.SampleResult: Note: Sample TimeStamps are START times
2023-05-26 17:46:34,531 INFO o.a.j.s.SampleResult: sampleresult.default.encoding is set to ISO-8859-1
2023-05-26 17:46:34,531 INFO o.a.j.s.SampleResult: sampleresult.useNanoTime=true
2023-05-26 17:46:34,532 INFO o.a.j.s.SampleResult: sampleresult.nanoThreadSleep=5000
2023-05-26 17:46:35,213 INFO o.a.j.v.ViewResultsFullVisualizer: Add JavaFX to your Java installation if you want to use renderer: org.apache.jmeter.visualizers.RenderInBrowser
2023-05-26 17:50:09,259 INFO o.a.j.s.FileServer: Default base='/Users/andreamagana/Desktop/performanceportfolio'
2023-05-26 17:50:09,263 INFO o.a.j.s.FileServer: Set new base='/Users/andreamagana/Desktop/performanceportfolio'
2023-05-26 17:50:10,000 INFO o.a.j.s.SaveService: Testplan (JMX) version: 2.2. Testlog (JTL) version: 2.2
2023-05-26 17:50:10,034 INFO o.a.j.s.SaveService: Using SaveService properties version 5.0
2023-05-26 17:50:10,042 INFO o.a.j.s.SaveService: Using SaveService properties file encoding UTF-8
2023-05-26 17:50:10,165 INFO o.a.j.e.StandardJMeterEngine: Running the test!
2023-05-26 17:50:10,170 INFO o.a.j.s.SampleEvent: List of sample_variables: []
2023-05-26 17:50:10,171 INFO o.a.j.s.SampleEvent: List of sample_variables: []
2023-05-26 17:50:10,181 INFO o.a.j.e.u.CompoundVariable: Note: Function class names must contain the string: '.functions.'
2023-05-26 17:50:10,182 INFO o.a.j.e.u.CompoundVariable: Note: Function class names must not contain the string: '.gui.'
2023-05-26 17:50:10,369 INFO o.a.j.g.u.JMeterMenuBar: setRunning(true, *local*)
2023-05-26 17:50:10,790 INFO o.a.j.e.StandardJMeterEngine: Starting ThreadGroup: 1 : Thread Group
2023-05-26 17:50:10,791 INFO o.a.j.e.StandardJMeterEngine: Starting 1 threads for group Thread Group.
2023-05-26 17:50:10,792 INFO o.a.j.e.StandardJMeterEngine: Thread will continue on error
2023-05-26 17:50:10,795 INFO o.a.j.t.ThreadGroup: Starting thread group... number=1 threads=1 ramp-up=1 delayedStart=false
2023-05-26 17:50:10,819 INFO o.a.j.t.ThreadGroup: Started thread group number 1
2023-05-26 17:50:10,821 INFO o.a.j.e.StandardJMeterEngine: All thread groups have been started
2023-05-26 17:50:10,823 INFO o.a.j.t.JMeterThread: Thread started: Thread Group 1-1
2023-05-26 17:50:10,873 INFO o.a.j.p.h.s.HTTPHCAbstractImpl: Local host = Air-de-Andrea
2023-05-26 17:50:10,906 INFO o.a.j.p.h.s.HTTPHC4Impl: HTTP request retry count = 0
2023-05-26 17:50:11,138 INFO o.a.j.p.h.s.h.LazyLayeredConnectionSocketFactory: Setting up HTTPS TrustAll Socket Factory
2023-05-26 17:50:11,145 INFO o.a.j.u.JsseSSLManager: Using default SSL protocol: TLS
2023-05-26 17:50:11,146 INFO o.a.j.u.JsseSSLManager: SSL session context: per-thread
2023-05-26 17:50:11,172 INFO o.a.j.u.SSLManager: JmeterKeyStore Location:  type JKS
2023-05-26 17:50:11,176 INFO o.a.j.u.SSLManager: KeyStore created OK
2023-05-26 17:50:11,177 WARN o.a.j.u.SSLManager: Keystore file not found, loading empty keystore
2023-05-26 17:50:11,878 INFO o.a.j.t.JMeterThread: Thread is done: Thread Group 1-1
2023-05-26 17:50:11,879 INFO o.a.j.t.JMeterThread: Thread finished: Thread Group 1-1
2023-05-26 17:50:11,882 INFO o.a.j.e.StandardJMeterEngine: Notifying test listeners of end of test
2023-05-26 17:50:11,883 INFO o.a.j.g.u.JMeterMenuBar: setRunning(false, *local*)
2023-05-26 17:52:05,769 INFO o.a.j.e.StandardJMeterEngine: Running the test!
2023-05-26 17:52:05,772 INFO o.a.j.s.SampleEvent: List of sample_variables: []
2023-05-26 17:52:05,784 INFO o.a.j.g.u.JMeterMenuBar: setRunning(true, *local*)
2023-05-26 17:52:05,993 INFO o.a.j.e.StandardJMeterEngine: Starting ThreadGroup: 1 : Thread Group
2023-05-26 17:52:05,994 INFO o.a.j.e.StandardJMeterEngine: Starting 1 threads for group Thread Group.
2023-05-26 17:52:05,995 INFO o.a.j.e.StandardJMeterEngine: Thread will continue on error
2023-05-26 17:52:05,998 INFO o.a.j.t.ThreadGroup: Starting thread group... number=1 threads=1 ramp-up=1 delayedStart=false
2023-05-26 17:52:06,002 INFO o.a.j.t.ThreadGroup: Started thread group number 1
2023-05-26 17:52:06,003 INFO o.a.j.e.StandardJMeterEngine: All thread groups have been started
2023-05-26 17:52:06,007 INFO o.a.j.t.JMeterThread: Thread started: Thread Group 1-1
2023-05-26 17:52:06,745 INFO o.a.j.t.JMeterThread: Thread is done: Thread Group 1-1
2023-05-26 17:52:06,746 INFO o.a.j.t.JMeterThread: Thread finished: Thread Group 1-1
2023-05-26 17:52:06,747 INFO o.a.j.e.StandardJMeterEngine: Notifying test listeners of end of test
2023-05-26 17:52:06,748 INFO o.a.j.g.u.JMeterMenuBar: setRunning(false, *local*)
2023-05-26 17:54:06,055 INFO o.a.j.e.StandardJMeterEngine: Running the test!
2023-05-26 17:54:06,060 INFO o.a.j.s.SampleEvent: List of sample_variables: []
2023-05-26 17:54:06,075 INFO o.a.j.g.u.JMeterMenuBar: setRunning(true, *local*)
2023-05-26 17:54:06,307 INFO o.a.j.e.StandardJMeterEngine: Starting ThreadGroup: 1 : Thread Group
2023-05-26 17:54:06,308 INFO o.a.j.e.StandardJMeterEngine: Starting 1 threads for group Thread Group.
2023-05-26 17:54:06,309 INFO o.a.j.e.StandardJMeterEngine: Thread will continue on error
2023-05-26 17:54:06,310 INFO o.a.j.t.ThreadGroup: Starting thread group... number=1 threads=1 ramp-up=1 delayedStart=false
2023-05-26 17:54:06,312 INFO o.a.j.t.ThreadGroup: Started thread group number 1
2023-05-26 17:54:06,313 INFO o.a.j.e.StandardJMeterEngine: All thread groups have been started
2023-05-26 17:54:06,314 INFO o.a.j.t.JMeterThread: Thread started: Thread Group 1-1
2023-05-26 17:54:06,982 INFO o.a.j.t.JMeterThread: Thread is done: Thread Group 1-1
2023-05-26 17:54:06,982 INFO o.a.j.t.JMeterThread: Thread finished: Thread Group 1-1
2023-05-26 17:54:06,985 INFO o.a.j.e.StandardJMeterEngine: Notifying test listeners of end of test
2023-05-26 17:54:06,986 INFO o.a.j.g.u.JMeterMenuBar: setRunning(false, *local*)
2023-05-26 17:54:13,876 INFO o.a.j.e.StandardJMeterEngine: Running the test!
2023-05-26 17:54:13,878 INFO o.a.j.s.SampleEvent: List of sample_variables: []
2023-05-26 17:54:13,903 INFO o.a.j.g.u.JMeterMenuBar: setRunning(true, *local*)
2023-05-26 17:54:14,090 INFO o.a.j.e.StandardJMeterEngine: Starting ThreadGroup: 1 : Thread Group
2023-05-26 17:54:14,090 INFO o.a.j.e.StandardJMeterEngine: Starting 1 threads for group Thread Group.
2023-05-26 17:54:14,091 INFO o.a.j.e.StandardJMeterEngine: Thread will continue on error
2023-05-26 17:54:14,092 INFO o.a.j.t.ThreadGroup: Starting thread group... number=1 threads=1 ramp-up=1 delayedStart=false
2023-05-26 17:54:14,094 INFO o.a.j.t.ThreadGroup: Started thread group number 1
2023-05-26 17:54:14,095 INFO o.a.j.e.StandardJMeterEngine: All thread groups have been started
2023-05-26 17:54:14,095 INFO o.a.j.t.JMeterThread: Thread started: Thread Group 1-1
2023-05-26 17:54:14,722 INFO o.a.j.t.JMeterThread: Thread is done: Thread Group 1-1
2023-05-26 17:54:14,722 INFO o.a.j.t.JMeterThread: Thread finished: Thread Group 1-1
2023-05-26 17:54:14,723 INFO o.a.j.e.StandardJMeterEngine: Notifying test listeners of end of test
2023-05-26 17:54:14,724 INFO o.a.j.g.u.JMeterMenuBar: setRunning(false, *local*)
2023-05-26 17:54:16,676 INFO o.a.j.e.StandardJMeterEngine: Running the test!
2023-05-26 17:54:16,683 INFO o.a.j.s.SampleEvent: List of sample_variables: []
2023-05-26 17:54:16,688 INFO o.a.j.g.u.JMeterMenuBar: setRunning(true, *local*)
2023-05-26 17:54:16,864 INFO o.a.j.e.StandardJMeterEngine: Starting ThreadGroup: 1 : Thread Group
2023-05-26 17:54:16,865 INFO o.a.j.e.StandardJMeterEngine: Starting 1 threads for group Thread Group.
2023-05-26 17:54:16,866 INFO o.a.j.e.StandardJMeterEngine: Thread will continue on error
2023-05-26 17:54:16,869 INFO o.a.j.t.ThreadGroup: Starting thread group... number=1 threads=1 ramp-up=1 delayedStart=false
2023-05-26 17:54:16,872 INFO o.a.j.t.ThreadGroup: Started thread group number 1
2023-05-26 17:54:16,872 INFO o.a.j.e.StandardJMeterEngine: All thread groups have been started
2023-05-26 17:54:16,873 INFO o.a.j.t.JMeterThread: Thread started: Thread Group 1-1
2023-05-26 17:54:17,498 INFO o.a.j.t.JMeterThread: Thread is done: Thread Group 1-1
2023-05-26 17:54:17,499 INFO o.a.j.t.JMeterThread: Thread finished: Thread Group 1-1
2023-05-26 17:54:17,500 INFO o.a.j.e.StandardJMeterEngine: Notifying test listeners of end of test
2023-05-26 17:54:17,500 INFO o.a.j.g.u.JMeterMenuBar: setRunning(false, *local*)
2023-05-26 17:54:46,049 INFO o.a.j.e.StandardJMeterEngine: Running the test!
2023-05-26 17:54:46,052 INFO o.a.j.s.SampleEvent: List of sample_variables: []
2023-05-26 17:54:46,060 INFO o.a.j.g.u.JMeterMenuBar: setRunning(true, *local*)
2023-05-26 17:54:46,240 INFO o.a.j.e.StandardJMeterEngine: Starting ThreadGroup: 1 : Thread Group
2023-05-26 17:54:46,242 INFO o.a.j.e.StandardJMeterEngine: Starting 1 threads for group Thread Group.
2023-05-26 17:54:46,243 INFO o.a.j.e.StandardJMeterEngine: Thread will continue on error
2023-05-26 17:54:46,243 INFO o.a.j.t.ThreadGroup: Starting thread group... number=1 threads=1 ramp-up=1 delayedStart=false
2023-05-26 17:54:46,247 INFO o.a.j.t.JMeterThread: Thread started: Thread Group 1-1
2023-05-26 17:54:46,248 INFO o.a.j.t.ThreadGroup: Started thread group number 1
2023-05-26 17:54:46,249 INFO o.a.j.e.StandardJMeterEngine: All thread groups have been started
2023-05-26 17:54:46,891 INFO o.a.j.t.JMeterThread: Thread is done: Thread Group 1-1
2023-05-26 17:54:46,891 INFO o.a.j.t.JMeterThread: Thread finished: Thread Group 1-1
2023-05-26 17:54:46,893 INFO o.a.j.e.StandardJMeterEngine: Notifying test listeners of end of test
2023-05-26 17:54:46,894 INFO o.a.j.g.u.JMeterMenuBar: setRunning(false, *local*)
2023-05-26 18:00:20,230 INFO o.a.j.e.StandardJMeterEngine: Running the test!
2023-05-26 18:00:20,243 INFO o.a.j.s.SampleEvent: List of sample_variables: []
2023-05-26 18:00:20,261 INFO o.a.j.g.u.JMeterMenuBar: setRunning(true, *local*)
2023-05-26 18:00:20,646 INFO o.a.j.e.StandardJMeterEngine: Starting ThreadGroup: 1 : Thread Group
2023-05-26 18:00:20,647 INFO o.a.j.e.StandardJMeterEngine: Starting 1 threads for group Thread Group.
2023-05-26 18:00:20,647 INFO o.a.j.e.StandardJMeterEngine: Thread will continue on error
2023-05-26 18:00:20,648 INFO o.a.j.t.ThreadGroup: Starting thread group... number=1 threads=1 ramp-up=1 delayedStart=false
2023-05-26 18:00:20,657 INFO o.a.j.t.ThreadGroup: Started thread group number 1
2023-05-26 18:00:20,658 INFO o.a.j.e.StandardJMeterEngine: All thread groups have been started
2023-05-26 18:00:20,659 INFO o.a.j.t.JMeterThread: Thread started: Thread Group 1-1
2023-05-26 18:00:21,333 INFO o.a.j.t.JMeterThread: Thread is done: Thread Group 1-1
2023-05-26 18:00:21,334 INFO o.a.j.t.JMeterThread: Thread finished: Thread Group 1-1
2023-05-26 18:00:21,334 INFO o.a.j.e.StandardJMeterEngine: Notifying test listeners of end of test
2023-05-26 18:00:21,335 INFO o.a.j.g.u.JMeterMenuBar: setRunning(false, *local*)
2023-05-26 18:00:31,095 INFO o.a.j.e.StandardJMeterEngine: Running the test!
2023-05-26 18:00:31,097 INFO o.a.j.s.SampleEvent: List of sample_variables: []
2023-05-26 18:00:31,105 INFO o.a.j.g.u.JMeterMenuBar: setRunning(true, *local*)
2023-05-26 18:00:31,551 INFO o.a.j.e.StandardJMeterEngine: Starting ThreadGroup: 1 : Thread Group
2023-05-26 18:00:31,551 INFO o.a.j.e.StandardJMeterEngine: Starting 1 threads for group Thread Group.
2023-05-26 18:00:31,552 INFO o.a.j.e.StandardJMeterEngine: Thread will continue on error
2023-05-26 18:00:31,553 INFO o.a.j.t.ThreadGroup: Starting thread group... number=1 threads=1 ramp-up=1 delayedStart=false
2023-05-26 18:00:31,562 INFO o.a.j.t.ThreadGroup: Started thread group number 1
2023-05-26 18:00:31,557 INFO o.a.j.t.JMeterThread: Thread started: Thread Group 1-1
2023-05-26 18:00:31,563 INFO o.a.j.e.StandardJMeterEngine: All thread groups have been started
2023-05-26 18:00:32,179 INFO o.a.j.t.JMeterThread: Thread is done: Thread Group 1-1
2023-05-26 18:00:32,180 INFO o.a.j.t.JMeterThread: Thread finished: Thread Group 1-1
2023-05-26 18:00:32,180 INFO o.a.j.e.StandardJMeterEngine: Notifying test listeners of end of test
2023-05-26 18:00:32,181 INFO o.a.j.g.u.JMeterMenuBar: setRunning(false, *local*)
2023-05-26 18:01:53,745 INFO o.a.j.e.StandardJMeterEngine: Running the test!
2023-05-26 18:01:53,748 INFO o.a.j.s.SampleEvent: List of sample_variables: []
2023-05-26 18:01:53,750 INFO o.a.j.g.u.JMeterMenuBar: setRunning(true, *local*)
2023-05-26 18:01:53,946 INFO o.a.j.e.StandardJMeterEngine: Starting ThreadGroup: 1 : Thread Group
2023-05-26 18:01:53,949 INFO o.a.j.e.StandardJMeterEngine: Starting 1 threads for group Thread Group.
2023-05-26 18:01:53,950 INFO o.a.j.e.StandardJMeterEngine: Thread will continue on error
2023-05-26 18:01:53,950 INFO o.a.j.t.ThreadGroup: Starting thread group... number=1 threads=1 ramp-up=1 delayedStart=false
2023-05-26 18:01:53,953 INFO o.a.j.t.ThreadGroup: Started thread group number 1
2023-05-26 18:01:53,955 INFO o.a.j.e.StandardJMeterEngine: All thread groups have been started
2023-05-26 18:01:53,954 INFO o.a.j.t.JMeterThread: Thread started: Thread Group 1-1
2023-05-26 18:01:54,429 INFO o.a.j.t.JMeterThread: Thread is done: Thread Group 1-1
2023-05-26 18:01:54,430 INFO o.a.j.t.JMeterThread: Thread finished: Thread Group 1-1
2023-05-26 18:01:54,432 INFO o.a.j.e.StandardJMeterEngine: Notifying test listeners of end of test
2023-05-26 18:01:54,433 INFO o.a.j.g.u.JMeterMenuBar: setRunning(false, *local*)
2023-05-26 18:01:58,988 INFO o.a.j.e.StandardJMeterEngine: Running the test!
2023-05-26 18:01:58,991 INFO o.a.j.s.SampleEvent: List of sample_variables: []
2023-05-26 18:01:58,994 INFO o.a.j.g.u.JMeterMenuBar: setRunning(true, *local*)
2023-05-26 18:01:59,205 INFO o.a.j.e.StandardJMeterEngine: Starting ThreadGroup: 1 : Thread Group
2023-05-26 18:01:59,205 INFO o.a.j.e.StandardJMeterEngine: Starting 1 threads for group Thread Group.
2023-05-26 18:01:59,206 INFO o.a.j.e.StandardJMeterEngine: Thread will continue on error
2023-05-26 18:01:59,206 INFO o.a.j.t.ThreadGroup: Starting thread group... number=1 threads=1 ramp-up=1 delayedStart=false
2023-05-26 18:01:59,209 INFO o.a.j.t.ThreadGroup: Started thread group number 1
2023-05-26 18:01:59,210 INFO o.a.j.e.StandardJMeterEngine: All thread groups have been started
2023-05-26 18:01:59,210 INFO o.a.j.t.JMeterThread: Thread started: Thread Group 1-1
2023-05-26 18:01:59,622 INFO o.a.j.t.JMeterThread: Thread is done: Thread Group 1-1
2023-05-26 18:01:59,622 INFO o.a.j.t.JMeterThread: Thread finished: Thread Group 1-1
2023-05-26 18:01:59,624 INFO o.a.j.e.StandardJMeterEngine: Notifying test listeners of end of test
2023-05-26 18:01:59,625 INFO o.a.j.g.u.JMeterMenuBar: setRunning(false, *local*)
2023-05-26 18:02:34,096 INFO o.a.j.e.StandardJMeterEngine: Running the test!
2023-05-26 18:02:34,100 INFO o.a.j.s.SampleEvent: List of sample_variables: []
2023-05-26 18:02:34,103 INFO o.a.j.g.u.JMeterMenuBar: setRunning(true, *local*)
2023-05-26 18:02:34,274 INFO o.a.j.e.StandardJMeterEngine: Starting ThreadGroup: 1 : Thread Group
2023-05-26 18:02:34,274 INFO o.a.j.e.StandardJMeterEngine: Starting 1 threads for group Thread Group.
2023-05-26 18:02:34,275 INFO o.a.j.e.StandardJMeterEngine: Thread will continue on error
2023-05-26 18:02:34,277 INFO o.a.j.t.ThreadGroup: Starting thread group... number=1 threads=1 ramp-up=1 delayedStart=false
2023-05-26 18:02:34,280 INFO o.a.j.t.ThreadGroup: Started thread group number 1
2023-05-26 18:02:34,280 INFO o.a.j.e.StandardJMeterEngine: All thread groups have been started
2023-05-26 18:02:34,281 INFO o.a.j.t.JMeterThread: Thread started: Thread Group 1-1
2023-05-26 18:02:34,698 INFO o.a.j.t.JMeterThread: Thread is done: Thread Group 1-1
2023-05-26 18:02:34,699 INFO o.a.j.t.JMeterThread: Thread finished: Thread Group 1-1
2023-05-26 18:02:34,701 INFO o.a.j.e.StandardJMeterEngine: Notifying test listeners of end of test
2023-05-26 18:02:34,701 INFO o.a.j.g.u.JMeterMenuBar: setRunning(false, *local*)
2023-05-26 18:38:32,665 INFO o.a.j.e.StandardJMeterEngine: Running the test!
2023-05-26 18:38:32,685 INFO o.a.j.s.SampleEvent: List of sample_variables: []
2023-05-26 18:38:32,693 INFO o.a.j.g.u.JMeterMenuBar: setRunning(true, *local*)
2023-05-26 18:38:33,272 INFO o.a.j.e.StandardJMeterEngine: Starting ThreadGroup: 1 : Thread Group
2023-05-26 18:38:33,273 INFO o.a.j.e.StandardJMeterEngine: Starting 1 threads for group Thread Group.
2023-05-26 18:38:33,273 INFO o.a.j.e.StandardJMeterEngine: Thread will continue on error
2023-05-26 18:38:33,274 INFO o.a.j.t.ThreadGroup: Starting thread group... number=1 threads=1 ramp-up=1 delayedStart=false
2023-05-26 18:38:33,279 INFO o.a.j.t.ThreadGroup: Started thread group number 1
2023-05-26 18:38:33,281 INFO o.a.j.e.StandardJMeterEngine: All thread groups have been started
2023-05-26 18:38:33,282 INFO o.a.j.t.JMeterThread: Thread started: Thread Group 1-1
2023-05-26 18:38:33,814 INFO o.a.j.t.JMeterThread: Thread is done: Thread Group 1-1
2023-05-26 18:38:33,815 INFO o.a.j.t.JMeterThread: Thread finished: Thread Group 1-1
2023-05-26 18:38:33,817 INFO o.a.j.e.StandardJMeterEngine: Notifying test listeners of end of test
2023-05-26 18:38:33,818 INFO o.a.j.g.u.JMeterMenuBar: setRunning(false, *local*)
2023-05-26 18:42:04,854 INFO o.a.j.e.StandardJMeterEngine: Running the test!
2023-05-26 18:42:04,883 INFO o.a.j.s.SampleEvent: List of sample_variables: []
2023-05-26 18:42:04,921 INFO o.a.j.g.u.JMeterMenuBar: setRunning(true, *local*)
2023-05-26 18:42:05,867 INFO o.a.j.e.StandardJMeterEngine: Starting ThreadGroup: 1 : Thread Group
2023-05-26 18:42:05,870 INFO o.a.j.e.StandardJMeterEngine: Starting 1 threads for group Thread Group.
2023-05-26 18:42:05,872 INFO o.a.j.e.StandardJMeterEngine: Thread will continue on error
2023-05-26 18:42:05,877 INFO o.a.j.t.ThreadGroup: Starting thread group... number=1 threads=1 ramp-up=1 delayedStart=false
2023-05-26 18:42:05,887 INFO o.a.j.t.ThreadGroup: Started thread group number 1
2023-05-26 18:42:05,888 INFO o.a.j.e.StandardJMeterEngine: All thread groups have been started
2023-05-26 18:42:05,894 INFO o.a.j.t.JMeterThread: Thread started: Thread Group 1-1
2023-05-26 18:42:06,528 INFO o.a.j.t.JMeterThread: Thread is done: Thread Group 1-1
2023-05-26 18:42:06,528 INFO o.a.j.t.JMeterThread: Thread finished: Thread Group 1-1
2023-05-26 18:42:06,529 INFO o.a.j.e.StandardJMeterEngine: Notifying test listeners of end of test
2023-05-26 18:42:06,530 INFO o.a.j.g.u.JMeterMenuBar: setRunning(false, *local*)
2023-05-26 18:43:40,026 INFO o.a.j.e.StandardJMeterEngine: Running the test!
2023-05-26 18:43:40,028 INFO o.a.j.s.SampleEvent: List of sample_variables: []
2023-05-26 18:43:40,031 INFO o.a.j.g.u.JMeterMenuBar: setRunning(true, *local*)
2023-05-26 18:43:40,407 INFO o.a.j.e.StandardJMeterEngine: Starting ThreadGroup: 1 : Thread Group
2023-05-26 18:43:40,408 INFO o.a.j.e.StandardJMeterEngine: Starting 1 threads for group Thread Group.
2023-05-26 18:43:40,408 INFO o.a.j.e.StandardJMeterEngine: Thread will continue on error
2023-05-26 18:43:40,409 INFO o.a.j.t.ThreadGroup: Starting thread group... number=1 threads=1 ramp-up=1 delayedStart=false
2023-05-26 18:43:40,415 INFO o.a.j.t.ThreadGroup: Started thread group number 1
2023-05-26 18:43:40,419 INFO o.a.j.e.StandardJMeterEngine: All thread groups have been started
2023-05-26 18:43:40,422 INFO o.a.j.t.JMeterThread: Thread started: Thread Group 1-1
2023-05-26 18:43:40,948 INFO o.a.j.t.JMeterThread: Thread is done: Thread Group 1-1
2023-05-26 18:43:40,949 INFO o.a.j.t.JMeterThread: Thread finished: Thread Group 1-1
2023-05-26 18:43:40,950 INFO o.a.j.e.StandardJMeterEngine: Notifying test listeners of end of test
2023-05-26 18:43:40,950 INFO o.a.j.g.u.JMeterMenuBar: setRunning(false, *local*)
2023-05-26 18:45:56,548 INFO o.a.j.e.StandardJMeterEngine: Running the test!
2023-05-26 18:45:56,550 INFO o.a.j.s.SampleEvent: List of sample_variables: []
2023-05-26 18:45:56,552 INFO o.a.j.g.u.JMeterMenuBar: setRunning(true, *local*)
2023-05-26 18:45:56,756 INFO o.a.j.e.StandardJMeterEngine: Starting ThreadGroup: 1 : Thread Group
2023-05-26 18:45:56,757 INFO o.a.j.e.StandardJMeterEngine: Starting 1 threads for group Thread Group.
2023-05-26 18:45:56,757 INFO o.a.j.e.StandardJMeterEngine: Thread will continue on error
2023-05-26 18:45:56,758 INFO o.a.j.t.ThreadGroup: Starting thread group... number=1 threads=1 ramp-up=1 delayedStart=false
2023-05-26 18:45:56,766 INFO o.a.j.t.ThreadGroup: Started thread group number 1
2023-05-26 18:45:56,767 INFO o.a.j.e.StandardJMeterEngine: All thread groups have been started
2023-05-26 18:45:56,767 INFO o.a.j.t.JMeterThread: Thread started: Thread Group 1-1
2023-05-26 18:45:57,086 INFO o.a.j.t.JMeterThread: Thread is done: Thread Group 1-1
2023-05-26 18:45:57,087 INFO o.a.j.t.JMeterThread: Thread finished: Thread Group 1-1
2023-05-26 18:45:57,089 INFO o.a.j.e.StandardJMeterEngine: Notifying test listeners of end of test
2023-05-26 18:45:57,089 INFO o.a.j.g.u.JMeterMenuBar: setRunning(false, *local*)
2023-05-26 18:46:07,955 INFO o.a.j.e.StandardJMeterEngine: Running the test!
2023-05-26 18:46:07,960 INFO o.a.j.s.SampleEvent: List of sample_variables: []
2023-05-26 18:46:07,965 INFO o.a.j.g.u.JMeterMenuBar: setRunning(true, *local*)
2023-05-26 18:46:08,147 INFO o.a.j.e.StandardJMeterEngine: Starting ThreadGroup: 1 : Thread Group
2023-05-26 18:46:08,148 INFO o.a.j.e.StandardJMeterEngine: Starting 1 threads for group Thread Group.
2023-05-26 18:46:08,149 INFO o.a.j.e.StandardJMeterEngine: Thread will continue on error
2023-05-26 18:46:08,150 INFO o.a.j.t.ThreadGroup: Starting thread group... number=1 threads=1 ramp-up=1 delayedStart=false
2023-05-26 18:46:08,153 INFO o.a.j.t.ThreadGroup: Started thread group number 1
2023-05-26 18:46:08,154 INFO o.a.j.e.StandardJMeterEngine: All thread groups have been started
2023-05-26 18:46:08,154 INFO o.a.j.t.JMeterThread: Thread started: Thread Group 1-1
2023-05-26 18:46:08,428 INFO o.a.j.t.JMeterThread: Thread is done: Thread Group 1-1
2023-05-26 18:46:08,429 INFO o.a.j.t.JMeterThread: Thread finished: Thread Group 1-1
2023-05-26 18:46:08,430 INFO o.a.j.e.StandardJMeterEngine: Notifying test listeners of end of test
2023-05-26 18:46:08,431 INFO o.a.j.g.u.JMeterMenuBar: setRunning(false, *local*)
2023-05-26 18:47:49,591 INFO o.a.j.e.StandardJMeterEngine: Running the test!
2023-05-26 18:47:49,593 INFO o.a.j.s.SampleEvent: List of sample_variables: []
2023-05-26 18:47:49,595 INFO o.a.j.g.u.JMeterMenuBar: setRunning(true, *local*)
2023-05-26 18:47:49,796 INFO o.a.j.e.StandardJMeterEngine: Starting ThreadGroup: 1 : Thread Group
2023-05-26 18:47:49,797 INFO o.a.j.e.StandardJMeterEngine: Starting 1 threads for group Thread Group.
2023-05-26 18:47:49,797 INFO o.a.j.e.StandardJMeterEngine: Thread will continue on error
2023-05-26 18:47:49,797 INFO o.a.j.t.ThreadGroup: Starting thread group... number=1 threads=1 ramp-up=1 delayedStart=false
2023-05-26 18:47:49,800 INFO o.a.j.t.ThreadGroup: Started thread group number 1
2023-05-26 18:47:49,801 INFO o.a.j.e.StandardJMeterEngine: All thread groups have been started
2023-05-26 18:47:49,801 INFO o.a.j.t.JMeterThread: Thread started: Thread Group 1-1
2023-05-26 18:47:50,170 INFO o.a.j.t.JMeterThread: Thread is done: Thread Group 1-1
2023-05-26 18:47:50,170 INFO o.a.j.t.JMeterThread: Thread finished: Thread Group 1-1
2023-05-26 18:47:50,174 INFO o.a.j.e.StandardJMeterEngine: Notifying test listeners of end of test
2023-05-26 18:47:50,174 INFO o.a.j.g.u.JMeterMenuBar: setRunning(false, *local*)
2023-05-26 18:47:55,910 INFO o.a.j.e.StandardJMeterEngine: Running the test!
2023-05-26 18:47:55,912 INFO o.a.j.s.SampleEvent: List of sample_variables: []
2023-05-26 18:47:55,914 INFO o.a.j.g.u.JMeterMenuBar: setRunning(true, *local*)
2023-05-26 18:47:56,108 INFO o.a.j.e.StandardJMeterEngine: Starting ThreadGroup: 1 : Thread Group
2023-05-26 18:47:56,108 INFO o.a.j.e.StandardJMeterEngine: Starting 1 threads for group Thread Group.
2023-05-26 18:47:56,109 INFO o.a.j.e.StandardJMeterEngine: Thread will continue on error
2023-05-26 18:47:56,109 INFO o.a.j.t.ThreadGroup: Starting thread group... number=1 threads=1 ramp-up=1 delayedStart=false
2023-05-26 18:47:56,111 INFO o.a.j.t.ThreadGroup: Started thread group number 1
2023-05-26 18:47:56,113 INFO o.a.j.e.StandardJMeterEngine: All thread groups have been started
2023-05-26 18:47:56,112 INFO o.a.j.t.JMeterThread: Thread started: Thread Group 1-1
2023-05-26 18:47:56,462 INFO o.a.j.t.JMeterThread: Thread is done: Thread Group 1-1
2023-05-26 18:47:56,462 INFO o.a.j.t.JMeterThread: Thread finished: Thread Group 1-1
2023-05-26 18:47:56,465 INFO o.a.j.e.StandardJMeterEngine: Notifying test listeners of end of test
2023-05-26 18:47:56,466 INFO o.a.j.g.u.JMeterMenuBar: setRunning(false, *local*)
2023-05-26 18:48:21,017 INFO o.a.j.e.StandardJMeterEngine: Running the test!
2023-05-26 18:48:21,019 INFO o.a.j.s.SampleEvent: List of sample_variables: []
2023-05-26 18:48:21,022 INFO o.a.j.g.u.JMeterMenuBar: setRunning(true, *local*)
2023-05-26 18:48:21,225 INFO o.a.j.e.StandardJMeterEngine: Starting ThreadGroup: 1 : Thread Group
2023-05-26 18:48:21,226 INFO o.a.j.e.StandardJMeterEngine: Starting 1 threads for group Thread Group.
2023-05-26 18:48:21,227 INFO o.a.j.e.StandardJMeterEngine: Thread will continue on error
2023-05-26 18:48:21,228 INFO o.a.j.t.ThreadGroup: Starting thread group... number=1 threads=1 ramp-up=1 delayedStart=false
2023-05-26 18:48:21,230 INFO o.a.j.t.ThreadGroup: Started thread group number 1
2023-05-26 18:48:21,230 INFO o.a.j.e.StandardJMeterEngine: All thread groups have been started
2023-05-26 18:48:21,232 INFO o.a.j.t.JMeterThread: Thread started: Thread Group 1-1
2023-05-26 18:48:21,605 INFO o.a.j.t.JMeterThread: Thread is done: Thread Group 1-1
2023-05-26 18:48:21,605 INFO o.a.j.t.JMeterThread: Thread finished: Thread Group 1-1
2023-05-26 18:48:21,608 INFO o.a.j.e.StandardJMeterEngine: Notifying test listeners of end of test
2023-05-26 18:48:21,609 INFO o.a.j.g.u.JMeterMenuBar: setRunning(false, *local*)
